*** Using Compiler 'V6.24', folder: 'D:\keil5\ARM\ARMCLANG\Bin'
Build target 'empty_LP_MSPM0G3507_nortos_keil'
Before Build - User command #1: cmd.exe /C "d:\ti\mspm0_sdk_2_04_00_06\improve_diansai\keil\../../tools/keil/syscfg.bat 'd:\ti\mspm0_sdk_2_04_00_06\improve_diansai\keil\' empty.syscfg"
Using Sysconfig Tool from "D:\ti\sysconfig_1.23.1\sysconfig_cli.bat"
"Update the file located at <sdk path>/tools/keil/syscfg.bat to use a different version"
Running script...
Error: cannot set '$assign' to 'PB25': No option named PB25 defined, valid options are
Any
    at setHelper (D:\ti\sysconfig_1.23.1\dist\webpack:\sysconfig\src\pinmux\services\objectManagers\proxyHandlers\managedObjectProxyHandler.ts:167:10)
    at Object.set (D:\ti\sysconfig_1.23.1\dist\webpack:\sysconfig\src\pinmux\services\objectManagers\proxyHandlers\managedObjectProxyHandler.ts:30:10)
    at scriptFunc (d:\ti\mspm0_sdk_2_04_00_06\improve_diansai\keil\empty.syscfg:93:42)
    at cb (D:\ti\sysconfig_1.23.1\dist\webpack:\sysconfig\src\pinmux\services\scripting\runScript.ts:112:7)
    at withDeprecatedAccess (D:\ti\sysconfig_1.23.1\dist\webpack:\sysconfig\src\pinmux\services\deprecatedAccessGuard.ts:14:10)
    at runAsUserScript (D:\ti\sysconfig_1.23.1\dist\webpack:\sysconfig\src\pinmux\services\scripting\scriptingGuard.ts:61:10)
    at iteratee (D:\ti\sysconfig_1.23.1\dist\webpack:\sysconfig\src\pinmux\services\scripting\runScript.ts:110:5)
    at baseEach (D:\ti\sysconfig_1.23.1\dist\webpack:\sysconfig\node_modules\lodash\lodash.js:530:11)
    at Function.each (D:\ti\sysconfig_1.23.1\dist\webpack:\sysconfig\node_modules\lodash\lodash.js:9409:52)
    at D:\ti\sysconfig_1.23.1\dist\webpack:\sysconfig\src\pinmux\services\scripting\runScript.ts:108:6
compiling empty.c...
linking...
Program Size: Code=15742 RO-data=382 RW-data=308 ZI-data=17892  
FromELF: creating hex file...
".\Objects\empty_LP_MSPM0G3507_nortos_keil.axf" - 0 Error(s), 0 Warning(s).
Build Time Elapsed:  00:00:03
